<?xml version="1.0" encoding="UTF-8"?>
<!-- Generated by org.testng.reporters.JUnitReportReporter -->
<testsuite hostname="Mukul" failures="0" tests="1" name="com.desktop.web01" time="61.725" errors="0" timestamp="2024-05-10T23:29:07 IST" skipped="0">
  <testcase classname="com.desktop.web01" name="captureScreenshots" time="61.725"/>
  <system-out/>
</testsuite> <!-- com.desktop.web01 -->
