<?xml version="1.0" encoding="UTF-8"?>
<!-- Generated by org.testng.reporters.JUnitReportReporter -->
<testsuite hostname="Mukul" failures="0" tests="1" name="com.desktop.web02" time="108.396" errors="0" timestamp="2024-05-10T23:05:58 IST" skipped="0">
  <testcase classname="com.desktop.web02" name="captureScreenshots" time="108.396"/>
  <system-out/>
</testsuite> <!-- com.desktop.web02 -->
