<?xml version="1.0" encoding="UTF-8"?>
<!-- Generated by org.testng.reporters.JUnitReportReporter -->
<testsuite hostname="Mukul" failures="0" tests="1" name="com.mobile.web06" time="76.678" errors="0" timestamp="2024-05-10T21:43:14 IST" skipped="0">
  <testcase classname="com.mobile.web06" name="captureScreenshots" time="76.678"/>
  <system-out/>
</testsuite> <!-- com.mobile.web06 -->
