<?xml version="1.0" encoding="UTF-8"?>
<!-- Generated by org.testng.reporters.JUnitReportReporter -->
<testsuite hostname="Mukul" failures="0" tests="2" name="com.desktop.web01" time="144.621" errors="0" timestamp="2024-09-04T14:02:30 IST" skipped="0">
  <testcase classname="com.desktop.web01" name="OpenChrome" time="71.874"/>
  <system-out/>
  <testcase classname="com.desktop.web01" name="captureScreenshots" time="72.747"/>
  <system-out/>
</testsuite> <!-- com.desktop.web01 -->
