<?xml version="1.0" encoding="UTF-8"?>
<!-- Generated by org.testng.reporters.JUnitReportReporter -->
<testsuite hostname="Mukul" failures="0" tests="1" name="com.mobile.web01" time="45.858" errors="0" timestamp="2024-05-10T23:31:20 IST" skipped="0">
  <testcase classname="com.mobile.web01" name="captureScreenshots" time="45.858"/>
  <system-out/>
</testsuite> <!-- com.mobile.web01 -->
