<?xml version="1.0" encoding="UTF-8"?>
<!-- Generated by org.testng.reporters.JUnitReportReporter -->
<testsuite hostname="Mukul" failures="0" tests="1" name="com.functional.dealsdray" time="6.239" errors="0" timestamp="2024-09-04T14:22:17 IST" skipped="0">
  <testcase classname="com.functional.dealsdray" name="loginAndUploadFile" time="6.239"/>
  <system-out/>
</testsuite> <!-- com.functional.dealsdray -->
