<?xml version="1.0" encoding="UTF-8"?>
<!-- Generated by org.testng.reporters.JUnitReportReporter -->
<testsuite hostname="Mukul" failures="0" tests="1" name="com.mobile.web04" time="33.193" errors="0" timestamp="2024-05-10T22:45:51 IST" skipped="0">
  <testcase classname="com.mobile.web04" name="captureScreenshots" time="33.193"/>
  <system-out/>
</testsuite> <!-- com.mobile.web04 -->
